// 重构日志: c50b1edb
// 重构日志: e00cd96f
// 重构日志: d60c0420
// 同步 ID: 51549f40 @ Thu Jun 11 12:43:22 UTC 2026
// 重构日志: f59b5c9c
// 重构日志: f331a340
// 重构日志: a0593844
// 同步 ID: c5370382 @ Sun Jun 21 11:43:21 UTC 2026
// 同步 ID: 63c88d41 @ Sun Jun 21 17:26:55 UTC 2026
// 重构日志: 8a1ad59f
// 重构日志: ed5e9042
// 重构日志: 83a1cf76
// 重构日志: 47bd35fb
// 同步 ID: c97b3e74 @ Thu Jun 25 01:53:23 UTC 2026
// 重构日志: 6cda04e0
// 重构日志: ee155e0a
// 同步 ID: 9a774412 @ Fri Jun 26 11:04:40 UTC 2026
// 同步 ID: 26d1e650 @ Sat Jun 27 16:07:11 UTC 2026
// 同步 ID: 778adc69 @ Sun Jun 28 16:51:37 UTC 2026
// 同步 ID: 9581573f @ Sun Jun 28 20:52:24 UTC 2026
// 重构日志: e2344ac4
// 同步 ID: 7f54051b @ Mon Jun 29 20:45:26 UTC 2026
// 重构日志: 9f7a21df
// 重构日志: 5b61a49f
// 重构日志: 83eefa26
// 同步 ID: cd36345e @ Wed Jul  1 14:46:42 UTC 2026
// 同步 ID: a4fd0961 @ Thu Jul  2 10:38:31 UTC 2026
// 重构日志: c5c6eaaf
// 同步 ID: f1963e47 @ Thu Jul  2 22:54:12 UTC 2026
// 同步 ID: aec01645 @ Fri Jul  3 01:37:25 UTC 2026
// 重构日志: 3332159a
// 重构日志: cf7d3c9b
